<?xml version="1.0" encoding="UTF-8"?>
<testsuite name="com.threedollar.threedollarservice.ThreedollarServiceApplicationTests" tests="1" skipped="0" failures="0" errors="0" timestamp="2023-06-22T15:31:34" hostname="goyelim-ui-MacBookPro.local" time="0.409">
  <properties/>
  <testcase name="contextLoads()" classname="com.threedollar.threedollarservice.ThreedollarServiceApplicationTests" time="0.409"/>
  <system-out><![CDATA[00:31:31.683 [Test worker] DEBUG org.springframework.test.context.BootstrapUtils - Instantiating CacheAwareContextLoaderDelegate from class [org.springframework.test.context.cache.DefaultCacheAwareContextLoaderDelegate]
00:31:31.697 [Test worker] DEBUG org.springframework.test.context.BootstrapUtils - Instantiating BootstrapContext using constructor [public org.springframework.test.context.support.DefaultBootstrapContext(java.lang.Class,org.springframework.test.context.CacheAwareContextLoaderDelegate)]
00:31:31.750 [Test worker] DEBUG org.springframework.test.context.BootstrapUtils - Instantiating TestContextBootstrapper for test class [com.threedollar.threedollarservice.ThreedollarServiceApplicationTests] from class [org.springframework.boot.test.context.SpringBootTestContextBootstrapper]
00:31:31.764 [Test worker] INFO org.springframework.boot.test.context.SpringBootTestContextBootstrapper - Neither @ContextConfiguration nor @ContextHierarchy found for test class [com.threedollar.threedollarservice.ThreedollarServiceApplicationTests], using SpringBootContextLoader
00:31:31.771 [Test worker] DEBUG org.springframework.test.context.support.AbstractContextLoader - Did not detect default resource location for test class [com.threedollar.threedollarservice.ThreedollarServiceApplicationTests]: class path resource [com/threedollar/threedollarservice/ThreedollarServiceApplicationTests-context.xml] does not exist
00:31:31.771 [Test worker] DEBUG org.springframework.test.context.support.AbstractContextLoader - Did not detect default resource location for test class [com.threedollar.threedollarservice.ThreedollarServiceApplicationTests]: class path resource [com/threedollar/threedollarservice/ThreedollarServiceApplicationTestsContext.groovy] does not exist
00:31:31.772 [Test worker] INFO org.springframework.test.context.support.AbstractContextLoader - Could not detect default resource locations for test class [com.threedollar.threedollarservice.ThreedollarServiceApplicationTests]: no resource found for suffixes {-context.xml, Context.groovy}.
00:31:31.772 [Test worker] INFO org.springframework.test.context.support.AnnotationConfigContextLoaderUtils - Could not detect default configuration classes for test class [com.threedollar.threedollarservice.ThreedollarServiceApplicationTests]: ThreedollarServiceApplicationTests does not declare any static, non-private, non-final, nested classes annotated with @Configuration.
00:31:31.829 [Test worker] DEBUG org.springframework.test.context.support.ActiveProfilesUtils - Could not find an 'annotation declaring class' for annotation type [org.springframework.test.context.ActiveProfiles] and class [com.threedollar.threedollarservice.ThreedollarServiceApplicationTests]
00:31:31.917 [Test worker] DEBUG org.springframework.context.annotation.ClassPathScanningCandidateComponentProvider - Identified candidate component class: URL [jar:file:/Users/yerimko/Documents/threedollar-community/threedollar-service/build/libs/threedollar-service-plain.jar!/com/threedollar/threedollarservice/ThreedollarServiceApplication.class]
00:31:31.918 [Test worker] INFO org.springframework.boot.test.context.SpringBootTestContextBootstrapper - Found @SpringBootConfiguration com.threedollar.threedollarservice.ThreedollarServiceApplication for test class com.threedollar.threedollarservice.ThreedollarServiceApplicationTests
00:31:32.042 [Test worker] DEBUG org.springframework.boot.test.context.SpringBootTestContextBootstrapper - @TestExecutionListeners is not present for class [com.threedollar.threedollarservice.ThreedollarServiceApplicationTests]: using defaults.
00:31:32.043 [Test worker] INFO org.springframework.boot.test.context.SpringBootTestContextBootstrapper - Loaded default TestExecutionListener class names from location [META-INF/spring.factories]: [org.springframework.boot.test.autoconfigure.restdocs.RestDocsTestExecutionListener, org.springframework.boot.test.autoconfigure.web.client.MockRestServiceServerResetTestExecutionListener, org.springframework.boot.test.autoconfigure.web.servlet.MockMvcPrintOnlyOnFailureTestExecutionListener, org.springframework.boot.test.autoconfigure.web.servlet.WebDriverTestExecutionListener, org.springframework.boot.test.autoconfigure.webservices.client.MockWebServiceServerTestExecutionListener, org.springframework.boot.test.mock.mockito.MockitoTestExecutionListener, org.springframework.boot.test.mock.mockito.ResetMocksTestExecutionListener, org.springframework.test.context.web.ServletTestExecutionListener, org.springframework.test.context.support.DirtiesContextBeforeModesTestExecutionListener, org.springframework.test.context.event.ApplicationEventsTestExecutionListener, org.springframework.test.context.support.DependencyInjectionTestExecutionListener, org.springframework.test.context.support.DirtiesContextTestExecutionListener, org.springframework.test.context.transaction.TransactionalTestExecutionListener, org.springframework.test.context.jdbc.SqlScriptsTestExecutionListener, org.springframework.test.context.event.EventPublishingTestExecutionListener]
00:31:32.057 [Test worker] DEBUG org.springframework.boot.test.context.SpringBootTestContextBootstrapper - Skipping candidate TestExecutionListener [org.springframework.test.context.transaction.TransactionalTestExecutionListener] due to a missing dependency. Specify custom listener classes or make the default listener classes and their required dependencies available. Offending class: [org/springframework/transaction/interceptor/TransactionAttributeSource]
00:31:32.059 [Test worker] DEBUG org.springframework.boot.test.context.SpringBootTestContextBootstrapper - Skipping candidate TestExecutionListener [org.springframework.test.context.jdbc.SqlScriptsTestExecutionListener] due to a missing dependency. Specify custom listener classes or make the default listener classes and their required dependencies available. Offending class: [org/springframework/transaction/interceptor/TransactionAttribute]
00:31:32.061 [Test worker] INFO org.springframework.boot.test.context.SpringBootTestContextBootstrapper - Using TestExecutionListeners: [org.springframework.test.context.web.ServletTestExecutionListener@79145d5a, org.springframework.test.context.support.DirtiesContextBeforeModesTestExecutionListener@1f2f9244, org.springframework.test.context.event.ApplicationEventsTestExecutionListener@4c4d27c8, org.springframework.boot.test.mock.mockito.MockitoTestExecutionListener@6821ea29, org.springframework.boot.test.autoconfigure.SpringBootDependencyInjectionTestExecutionListener@338494fa, org.springframework.test.context.support.DirtiesContextTestExecutionListener@505a9d7c, org.springframework.test.context.event.EventPublishingTestExecutionListener@758c83d8, org.springframework.boot.test.autoconfigure.restdocs.RestDocsTestExecutionListener@129b4fe2, org.springframework.boot.test.autoconfigure.web.client.MockRestServiceServerResetTestExecutionListener@5af3a0f, org.springframework.boot.test.autoconfigure.web.servlet.MockMvcPrintOnlyOnFailureTestExecutionListener@19ae6bb, org.springframework.boot.test.autoconfigure.web.servlet.WebDriverTestExecutionListener@10993713, org.springframework.boot.test.autoconfigure.webservices.client.MockWebServiceServerTestExecutionListener@58359ebd, org.springframework.boot.test.mock.mockito.ResetMocksTestExecutionListener@24b6b8f6]
00:31:32.066 [Test worker] DEBUG org.springframework.test.context.support.AbstractDirtiesContextTestExecutionListener - Before test class: context [DefaultTestContext@3fffff43 testClass = ThreedollarServiceApplicationTests, testInstance = [null], testMethod = [null], testException = [null], mergedContextConfiguration = [WebMergedContextConfiguration@a8e6492 testClass = ThreedollarServiceApplicationTests, locations = '{}', classes = '{class com.threedollar.threedollarservice.ThreedollarServiceApplication}', contextInitializerClasses = '[]', activeProfiles = '{}', propertySourceLocations = '{}', propertySourceProperties = '{org.springframework.boot.test.context.SpringBootTestContextBootstrapper=true}', contextCustomizers = set[org.springframework.boot.test.autoconfigure.actuate.metrics.MetricsExportContextCustomizerFactory$DisableMetricExportContextCustomizer@119cbf96, org.springframework.boot.test.autoconfigure.properties.PropertyMappingContextCustomizer@0, org.springframework.boot.test.autoconfigure.web.servlet.WebDriverContextCustomizerFactory$Customizer@95e33cc, org.springframework.boot.test.context.filter.ExcludeFilterContextCustomizer@31add175, org.springframework.boot.test.json.DuplicateJsonObjectContextCustomizerFactory$DuplicateJsonObjectContextCustomizer@7922d892, org.springframework.boot.test.mock.mockito.MockitoContextCustomizer@0, org.springframework.boot.test.web.client.TestRestTemplateContextCustomizer@5b367418, org.springframework.boot.test.context.SpringBootTestArgs@1, org.springframework.boot.test.context.SpringBootTestWebEnvironment@bccb269], resourceBasePath = 'src/main/webapp', contextLoader = 'org.springframework.boot.test.context.SpringBootContextLoader', parent = [null]], attributes = map['org.springframework.test.context.web.ServletTestExecutionListener.activateListener' -> true]], class annotated with @DirtiesContext [false] with mode [null].

  .   ____          _            __ _ _
 /\\ / ___'_ __ _ _(_)_ __  __ _ \ \ \ \
( ( )\___ | '_ | '_| | '_ \/ _` | \ \ \ \
 \\/  ___)| |_)| | | | | || (_| |  ) ) ) )
  '  |____| .__|_| |_|_| |_\__, | / / / /
 =========|_|==============|___/=/_/_/_/
 :: Spring Boot ::               (v2.7.12)

2023-06-23 00:31:32.828  INFO 63693 --- [    Test worker] c.t.t.ThreedollarServiceApplicationTests : Starting ThreedollarServiceApplicationTests using Java 17.0.4.1 on goyelim-ui-MacBookPro.local with PID 63693 (started by yerimko in /Users/yerimko/Documents/threedollar-community/threedollar-service)
2023-06-23 00:31:32.835  INFO 63693 --- [    Test worker] c.t.t.ThreedollarServiceApplicationTests : No active profile set, falling back to 1 default profile: "default"
2023-06-23 00:31:34.798  INFO 63693 --- [    Test worker] c.t.t.ThreedollarServiceApplicationTests : Started ThreedollarServiceApplicationTests in 2.682 seconds (JVM running for 4.403)
]]></system-out>
  <system-err><![CDATA[]]></system-err>
</testsuite>
